<?xml version="1.0" encoding="UTF-8"?>
<!-- Generated by org.testng.reporters.JUnitReportReporter -->
<testsuite hostname="HP" failures="0" tests="1" name="testcases.BaseTest" time="2.086" errors="0" timestamp="2022-11-16T18:18:26 IST" skipped="0">
  <testcase classname="testcases.BaseTest" name="initBrowser" time="2.086"/>
  <system-out/>
</testsuite> <!-- testcases.BaseTest -->
